#
# A fatal error has been detected by the Java Runtime Environment:
#
#  EXCEPTION_ACCESS_VIOLATION (0xc0000005) at pc=0x000007fed856d19c, pid=7068, tid=6944
#
# JRE version: Java(TM) SE Runtime Environment 18.9 (11.0.9+7) (build 11.0.9+7-LTS)
# Java VM: Java HotSpot(TM) 64-Bit Server VM 18.9 (11.0.9+7-LTS, mixed mode, tiered, compressed oops, g1 gc, windows-amd64)
# Problematic frame:
# V  [jvm.dll+0x5cd19c]
#
# No core dump will be written. Minidumps are not enabled by default on client versions of Windows
#
# If you would like to submit a bug report, please visit:
#   https://bugreport.java.com/bugreport/crash.jsp
#

---------------  S U M M A R Y ------------

Command Line: -Dfile.encoding=windows-1251 -Duser.country=RU -Duser.language=ru -Duser.variant Start

Host: Intel(R) Core(TM) i5 CPU         750  @ 2.67GHz, 4 cores, 3G,  Windows 7 , 64 bit Build 7601 (6.1.7601.17514)
Time: Sat Jan 30 03:34:35 2021 Aca?aaea?aineia a?aiy (ceia) elapsed time: 58.845724 seconds (0d 0h 0m 58s)

---------------  T H R E A D  ---------------

Current thread (0x0000000022a54000):  GCTaskThread "GC Thread#2" [stack: 0x0000000022f20000,0x0000000023020000] [id=6944]

Stack: [0x0000000022f20000,0x0000000023020000],  sp=0x000000002301f970,  free space=1022k
Native frames: (J=compiled Java code, j=interpreted, Vv=VM code, C=native code)
V  [jvm.dll+0x5cd19c]
V  [jvm.dll+0x34d945]
V  [jvm.dll+0x2d9e34]
V  [jvm.dll+0x775660]
V  [jvm.dll+0x709114]
V  [jvm.dll+0x610cb6]
C  [ucrtbase.DLL+0x1d912]
C  [kernel32.dll+0x1652d]
C  [ntdll.dll+0x2c521]


siginfo: EXCEPTION_ACCESS_VIOLATION (0xc0000005), reading address 0xffffffffffffffff


Register to memory mapping:

RIP=0x000007fed856d19c jvm.dll
RAX=0x0000000022a649f0 points into unknown readable memory: 00 00 00 00 00 00 00 00
RBX=0x000000000000001a is an unknown value
RCX=0x0000000000000008 is an unknown value
RDX=0x0 is NULL
RSP=0x000000002301f970 points into unknown readable memory: 48 0b 01 2f 00 00 00 00
RBP=0x000000001fbd31d0 points into unknown readable memory: 20 a3 7c d8 fe 07 00 00
RSI=0x4000000000000000 is an unknown value
RDI=0x00000000000000d0 is an unknown value
R8 =0x0 is NULL
R9 =0x0 is NULL
R10=0x0 is NULL
R11=0x0000000000000246 is an unknown value
R12=0x0 is NULL
R13=0x0 is NULL
R14=0x0 is NULL
R15=0x00000000000003d8 is an unknown value


Registers:
RAX=0x0000000022a649f0, RBX=0x000000000000001a, RCX=0x0000000000000008, RDX=0x0000000000000000
RSP=0x000000002301f970, RBP=0x000000001fbd31d0, RSI=0x4000000000000000, RDI=0x00000000000000d0
R8 =0x0000000000000000, R9 =0x0000000000000000, R10=0x0000000000000000, R11=0x0000000000000246
R12=0x0000000000000000, R13=0x0000000000000000, R14=0x0000000000000000, R15=0x00000000000003d8
RIP=0x000007fed856d19c, EFLAGS=0x0000000000010202

Top of Stack: (sp=0x000000002301f970)
0x000000002301f970:   000000002f010b48 000000002d6e6080
0x000000002301f980:   00000000000003d8 000000001fbd35a8
0x000000002301f990:   000007fed882dc48 000007fed82f0000
0x000000002301f9a0:   00000000000003d8 0000000000000000
0x000000002301f9b0:   0000000000000000 00000000000000d0
0x000000002301f9c0:   000000001fbd31d0 000007fed82ed945
0x000000002301f9d0:   00000000000003d8 000000000000001a
0x000000002301f9e0:   00000000803ba0d8 000000001fbd35a8
0x000000002301f9f0:   000000001fbd31c0 000007fed8279e34
0x000000002301fa00:   000000001ff6e858 00000000229e0a60
0x000000002301fa10:   000000001ff6e858 000000002278fdf0
0x000000002301fa20:   00000000000075a3 0000000000000000
0x000000002301fa30:   0000000022a54000 000007fed8715660
0x000000002301fa40:   000000002301fe70 0000000022a54000
0x000000002301fa50:   0000000000000000 00000000000075a3
0x000000002301fa60:   000000001ff6e780 0000000000000002 

Instructions: (pc=0x000007fed856d19c)
0x000007fed856d17c:   00 48 89 5c 24 68 48 89 74 24 70 48 8b f1 b9 08
0x000007fed856d18c:   00 00 00 4a 8b 04 c0 4c 89 74 24 78 44 0f b6 f2
0x000007fed856d19c:   83 be 38 01 00 00 00 4c 8b 04 08 49 8b a8 70 02
0x000007fed856d1ac:   00 00 48 8b 7d 28 4c 8b 7d 10 4c 8b 65 18 4c 8b 


Stack slot to memory mapping:
stack at sp + 0 slots: 0x000000002f010b48 is pointing into metadata
stack at sp + 1 slots: 0x000000002d6e6080 is pointing into metadata
stack at sp + 2 slots: 0x00000000000003d8 is an unknown value
stack at sp + 3 slots: 0x000000001fbd35a8 points into unknown readable memory: 3b 74 1d fd c2 5a 12 08
stack at sp + 4 slots: 0x000007fed882dc48 jvm.dll
stack at sp + 5 slots: 0x000007fed82f0000 jvm.dll
stack at sp + 6 slots: 0x00000000000003d8 is an unknown value
stack at sp + 7 slots: 0x0 is NULL


---------------  P R O C E S S  ---------------

Threads class SMR info:
_java_thread_list=0x0000000023aebec0, length=45, elements={
0x00000000001f9800, 0x000000001fbac800, 0x000000001fbb6000, 0x000000001fbc6000,
0x000000001fbc9000, 0x000000001fbcd000, 0x000000001fbd2000, 0x000000001fbd3800,
0x00000000208bb800, 0x0000000020905000, 0x00000000225b1000, 0x0000000022c9d000,
0x0000000022a45800, 0x0000000022c42800, 0x0000000023443800, 0x000000002b266800,
0x000000002b75a000, 0x0000000022896000, 0x0000000029cf3000, 0x0000000029e5d800,
0x0000000029e5e000, 0x0000000029e5f000, 0x0000000029e5f800, 0x0000000029e60800,
0x0000000029e61800, 0x0000000029e62000, 0x0000000029e63000, 0x0000000029e64000,
0x000000002a783000, 0x000000002a784000, 0x000000002a784800, 0x000000002a785800,
0x000000002a6b6000, 0x000000002a6b7000, 0x000000002a6b8000, 0x000000002a6b8800,
0x000000002a6b9800, 0x000000002a6ba000, 0x000000002a6bb000, 0x000000002a6bc000,
0x000000002a6bc800, 0x000000002b921000, 0x000000002b921800, 0x000000002b922800,
0x000000002b923800
}

Java Threads: ( => current thread )
  0x00000000001f9800 JavaThread "main" [_thread_blocked, id=6616, stack(0x0000000002250000,0x0000000002350000)]
  0x000000001fbac800 JavaThread "Reference Handler" daemon [_thread_blocked, id=1936, stack(0x0000000020040000,0x0000000020140000)]
  0x000000001fbb6000 JavaThread "Finalizer" daemon [_thread_blocked, id=3020, stack(0x000000001fcd0000,0x000000001fdd0000)]
  0x000000001fbc6000 JavaThread "Signal Dispatcher" daemon [_thread_blocked, id=7672, stack(0x0000000020240000,0x0000000020340000)]
  0x000000001fbc9000 JavaThread "Attach Listener" daemon [_thread_blocked, id=3756, stack(0x0000000020490000,0x0000000020590000)]
  0x000000001fbcd000 JavaThread "C2 CompilerThread0" daemon [_thread_blocked, id=7328, stack(0x0000000020640000,0x0000000020740000)]
  0x000000001fbd2000 JavaThread "C1 CompilerThread0" daemon [_thread_blocked, id=7728, stack(0x0000000020140000,0x0000000020240000)]
  0x000000001fbd3800 JavaThread "Sweeper thread" daemon [_thread_blocked, id=3764, stack(0x0000000020740000,0x0000000020840000)]
  0x00000000208bb800 JavaThread "Service Thread" daemon [_thread_blocked, id=8092, stack(0x0000000020350000,0x0000000020450000)]
  0x0000000020905000 JavaThread "Common-Cleaner" daemon [_thread_blocked, id=4744, stack(0x0000000020e90000,0x0000000020f90000)]
  0x00000000225b1000 JavaThread "JavaFX-Launcher" [_thread_blocked, id=3708, stack(0x0000000021130000,0x0000000021230000)]
  0x0000000022c9d000 JavaThread "QuantumRenderer-0" daemon [_thread_blocked, id=6428, stack(0x0000000024380000,0x0000000024480000)]
  0x0000000022a45800 JavaThread "InvokeLaterDispatcher" daemon [_thread_blocked, id=7516, stack(0x00000000246d0000,0x00000000247d0000)]
  0x0000000022c42800 JavaThread "JavaFX Application Thread" [_thread_in_native, id=3436, stack(0x0000000024800000,0x0000000024900000)]
  0x0000000023443800 JavaThread "Thread-2" daemon [_thread_blocked, id=5956, stack(0x0000000025c30000,0x0000000025d30000)]
  0x000000002b266800 JavaThread "Prism Font Disposer" daemon [_thread_blocked, id=1860, stack(0x000000002a7c0000,0x000000002a8c0000)]
  0x000000002b75a000 JavaThread "Cleaner-0" daemon [_thread_blocked, id=7032, stack(0x000000002aba0000,0x000000002aca0000)]
  0x0000000022896000 JavaThread "system-scheduler-1" [_thread_blocked, id=1996, stack(0x0000000025b00000,0x0000000025c00000)]
  0x0000000029cf3000 JavaThread "system-akka.actor.internal-dispatcher-2" [_thread_blocked, id=7872, stack(0x000000002f490000,0x000000002f590000)]
  0x0000000029e5d800 JavaThread "system-akka.actor.internal-dispatcher-3" [_thread_blocked, id=7180, stack(0x000000002f6a0000,0x000000002f7a0000)]
  0x0000000029e5e000 JavaThread "system-akka.actor.internal-dispatcher-4" [_thread_blocked, id=6780, stack(0x000000002f8d0000,0x000000002f9d0000)]
  0x0000000029e5f000 JavaThread "system-akka.actor.internal-dispatcher-5" [_thread_blocked, id=1136, stack(0x000000002faf0000,0x000000002fbf0000)]
  0x0000000029e5f800 JavaThread "system-akka.actor.default-dispatcher-6" [_thread_blocked, id=4196, stack(0x000000002fcb0000,0x000000002fdb0000)]
  0x0000000029e60800 JavaThread "system-akka.remote.default-remote-dispatcher-7" [_thread_blocked, id=7800, stack(0x000000002f590000,0x000000002f690000)]
  0x0000000029e61800 JavaThread "system-akka.remote.default-remote-dispatcher-8" [_thread_blocked, id=7792, stack(0x000000002f7b0000,0x000000002f8b0000)]
  0x0000000029e62000 JavaThread "system-akka.io.pinned-dispatcher-9" [_thread_blocked, id=6164, stack(0x0000000030200000,0x0000000030300000)]
  0x0000000029e63000 JavaThread "system-akka.actor.default-dispatcher-10" [_thread_blocked, id=6044, stack(0x000000002bf70000,0x000000002c070000)]
  0x0000000029e64000 JavaThread "system-akka.remote.default-remote-dispatcher-11" [_thread_blocked, id=7880, stack(0x0000000030e50000,0x0000000030f50000)]
  0x000000002a783000 JavaThread "system-akka.remote.default-remote-dispatcher-12" [_thread_blocked, id=8032, stack(0x0000000031020000,0x0000000031120000)]
  0x000000002a784000 JavaThread "system-akka.remote.default-remote-dispatcher-13" [_thread_blocked, id=1420, stack(0x000000002ec60000,0x000000002ed60000)]
  0x000000002a784800 JavaThread "system-akka.actor.default-dispatcher-14" [_thread_blocked, id=7208, stack(0x0000000031380000,0x0000000031480000)]
  0x000000002a785800 JavaThread "system-akka.actor.default-blocking-io-dispatcher-15" [_thread_blocked, id=944, stack(0x0000000031570000,0x0000000031670000)]
  0x000000002a6b6000 JavaThread "system-akka.actor.default-blocking-io-dispatcher-16" [_thread_blocked, id=5628, stack(0x0000000031680000,0x0000000031780000)]
  0x000000002a6b7000 JavaThread "system-akka.actor.default-blocking-io-dispatcher-17" [_thread_blocked, id=7224, stack(0x00000000317a0000,0x00000000318a0000)]
  0x000000002a6b8000 JavaThread "system-akka.actor.default-blocking-io-dispatcher-18" [_thread_blocked, id=7036, stack(0x0000000031940000,0x0000000031a40000)]
  0x000000002a6b8800 JavaThread "system-akka.actor.default-blocking-io-dispatcher-19" [_thread_blocked, id=6328, stack(0x0000000031b10000,0x0000000031c10000)]
  0x000000002a6b9800 JavaThread "system-akka.actor.default-blocking-io-dispatcher-20" [_thread_blocked, id=7968, stack(0x0000000030510000,0x0000000030610000)]
  0x000000002a6ba000 JavaThread "system-akka.actor.default-blocking-io-dispatcher-21" [_thread_blocked, id=8052, stack(0x0000000031cc0000,0x0000000031dc0000)]
  0x000000002a6bb000 JavaThread "system-akka.actor.default-blocking-io-dispatcher-22" [_thread_blocked, id=7432, stack(0x0000000031f40000,0x0000000032040000)]
  0x000000002a6bc000 JavaThread "system-akka.actor.default-blocking-io-dispatcher-23" [_thread_blocked, id=3992, stack(0x0000000032170000,0x0000000032270000)]
  0x000000002a6bc800 JavaThread "system-akka.actor.default-dispatcher-24" [_thread_blocked, id=3400, stack(0x0000000032f20000,0x0000000033020000)]
  0x000000002b921000 JavaThread "system-akka.actor.default-blocking-io-dispatcher-25" [_thread_blocked, id=9016, stack(0x000000002d9c0000,0x000000002dac0000)]
  0x000000002b921800 JavaThread "system-akka.actor.default-dispatcher-26" [_thread_blocked, id=9032, stack(0x000000002dc00000,0x000000002dd00000)]
  0x000000002b922800 JavaThread "system-akka.actor.default-dispatcher-28" [_thread_blocked, id=9036, stack(0x000000002e8e0000,0x000000002e9e0000)]
  0x000000002b923800 JavaThread "system-akka.actor.default-dispatcher-27" [_thread_blocked, id=9040, stack(0x0000000032070000,0x0000000032170000)]

Other Threads:
  0x000000001fb65800 VMThread "VM Thread" [stack: 0x000000001fe70000,0x000000001ff70000] [id=6928]
  0x0000000020903800 WatcherThread [stack: 0x0000000020d00000,0x0000000020e00000] [id=5080]
  0x0000000000210800 GCTaskThread "GC Thread#0" [stack: 0x0000000019de0000,0x0000000019ee0000] [id=3608]
  0x0000000022a53800 GCTaskThread "GC Thread#1" [stack: 0x0000000023040000,0x0000000023140000] [id=5324]
=>0x0000000022a54000 GCTaskThread "GC Thread#2" [stack: 0x0000000022f20000,0x0000000023020000] [id=6944]
  0x0000000022b1b000 GCTaskThread "GC Thread#3" [stack: 0x0000000023260000,0x0000000023360000] [id=7252]
  0x000000000022e800 ConcurrentGCThread "G1 Main Marker" [stack: 0x000000001c920000,0x000000001ca20000] [id=6268]
  0x0000000000230000 ConcurrentGCThread "G1 Conc#0" [stack: 0x000000001ca90000,0x000000001cb90000] [id=6416]
  0x000000001eed0800 ConcurrentGCThread "G1 Refine#0" [stack: 0x000000001f080000,0x000000001f180000] [id=7628]
  0x0000000000276000 ConcurrentGCThread "G1 Young RemSet Sampling" [stack: 0x000000001f1c0000,0x000000001f2c0000] [id=7936]

Threads with active compile tasks:
C2 CompilerThread0  59012 6362       4       javafx.scene.CssStyleHelper$CacheContainer::getStyleMap (40 bytes)

VM state:at safepoint (normal execution)

VM Mutex/Monitor currently owned by a thread:  ([mutex/lock_event])
[0x00000000001f6b60] Threads_lock - owner thread: 0x000000001fb65800
[0x00000000001f7340] Heap_lock - owner thread: 0x000000000022e800

Heap address: 0x00000000c0a00000, size: 1014 MB, Compressed Oops mode: 32-bit
Narrow klass base: 0x0000000000000000, Narrow klass shift: 0
Compressed class space size: 1073741824 Address: 0x000000007fff0000

Heap:
 garbage-first heap   total 66560K, used 41586K [0x00000000c0a00000, 0x0000000100000000)
  region size 1024K, 2 young (2048K), 1 survivors (1024K)
 Metaspace       used 58743K, capacity 61240K, committed 61440K, reserved 1101824K
  class space    used 7898K, capacity 9127K, committed 9216K, reserved 1048576K
Heap Regions: E=young(eden), S=young(survivor), O=old, HS=humongous(starts), HC=humongous(continues), CS=collection set, F=free, A=archive, TAMS=top-at-mark-start (previous, next)
|   0|0x00000000c0a00000, 0x00000000c0b00000, 0x00000000c0b00000|100%| O|  |TAMS 0x00000000c0b00000, 0x00000000c0b00000| Untracked 
|   1|0x00000000c0b00000, 0x00000000c0c00000, 0x00000000c0c00000|100%| O|  |TAMS 0x00000000c0c00000, 0x00000000c0c00000| Untracked 
|   2|0x00000000c0c00000, 0x00000000c0d00000, 0x00000000c0d00000|100%| O|  |TAMS 0x00000000c0d00000, 0x00000000c0d00000| Untracked 
|   3|0x00000000c0d00000, 0x00000000c0e00000, 0x00000000c0e00000|100%| O|  |TAMS 0x00000000c0e00000, 0x00000000c0e00000| Untracked 
|   4|0x00000000c0e00000, 0x00000000c0f00000, 0x00000000c0f00000|100%| O|  |TAMS 0x00000000c0f00000, 0x00000000c0f00000| Untracked 
|   5|0x00000000c0f00000, 0x00000000c1000000, 0x00000000c1000000|100%|HS|  |TAMS 0x00000000c1000000, 0x00000000c1000000| Complete 
|   6|0x00000000c1000000, 0x00000000c1100000, 0x00000000c1100000|100%|HC|  |TAMS 0x00000000c1100000, 0x00000000c1100000| Complete 
|   7|0x00000000c1100000, 0x00000000c1200000, 0x00000000c1200000|100%|HC|  |TAMS 0x00000000c1200000, 0x00000000c1200000| Complete 
|   8|0x00000000c1200000, 0x00000000c1300000, 0x00000000c1300000|100%|HC|  |TAMS 0x00000000c1300000, 0x00000000c1300000| Complete 
|   9|0x00000000c1300000, 0x00000000c1400000, 0x00000000c1400000|100%|HC|  |TAMS 0x00000000c1400000, 0x00000000c1400000| Complete 
|  10|0x00000000c1400000, 0x00000000c1500000, 0x00000000c1500000|100%|HC|  |TAMS 0x00000000c1500000, 0x00000000c1500000| Complete 
|  11|0x00000000c1500000, 0x00000000c1600000, 0x00000000c1600000|100%|HC|  |TAMS 0x00000000c1600000, 0x00000000c1600000| Complete 
|  12|0x00000000c1600000, 0x00000000c1700000, 0x00000000c1700000|100%|HC|  |TAMS 0x00000000c1700000, 0x00000000c1700000| Complete 
|  13|0x00000000c1700000, 0x00000000c1800000, 0x00000000c1800000|100%|HC|  |TAMS 0x00000000c1800000, 0x00000000c1800000| Complete 
|  14|0x00000000c1800000, 0x00000000c1900000, 0x00000000c1900000|100%|HC|  |TAMS 0x00000000c1900000, 0x00000000c1900000| Complete 
|  15|0x00000000c1900000, 0x00000000c1a00000, 0x00000000c1a00000|100%| O|  |TAMS 0x00000000c1a00000, 0x00000000c1a00000| Untracked 
|  16|0x00000000c1a00000, 0x00000000c1b00000, 0x00000000c1b00000|100%| O|  |TAMS 0x00000000c1b00000, 0x00000000c1b00000| Untracked 
|  17|0x00000000c1b00000, 0x00000000c1c00000, 0x00000000c1c00000|100%| O|  |TAMS 0x00000000c1c00000, 0x00000000c1c00000| Untracked 
|  18|0x00000000c1c00000, 0x00000000c1d00000, 0x00000000c1d00000|100%|HS|  |TAMS 0x00000000c1d00000, 0x00000000c1d00000| Complete 
|  19|0x00000000c1d00000, 0x00000000c1e00000, 0x00000000c1e00000|100%|HC|  |TAMS 0x00000000c1e00000, 0x00000000c1e00000| Complete 
|  20|0x00000000c1e00000, 0x00000000c1f00000, 0x00000000c1f00000|100%| O|  |TAMS 0x00000000c1f00000, 0x00000000c1f00000| Untracked 
|  21|0x00000000c1f00000, 0x00000000c2000000, 0x00000000c2000000|100%| O|  |TAMS 0x00000000c2000000, 0x00000000c2000000| Untracked 
|  22|0x00000000c2000000, 0x00000000c2100000, 0x00000000c2100000|100%| O|  |TAMS 0x00000000c2100000, 0x00000000c2100000| Untracked 
|  23|0x00000000c2100000, 0x00000000c2200000, 0x00000000c2200000|100%| O|  |TAMS 0x00000000c2200000, 0x00000000c2200000| Untracked 
|  24|0x00000000c2200000, 0x00000000c2300000, 0x00000000c2300000|100%| O|  |TAMS 0x00000000c2300000, 0x00000000c2300000| Untracked 
|  25|0x00000000c2300000, 0x00000000c2400000, 0x00000000c2400000|100%| O|  |TAMS 0x00000000c2400000, 0x00000000c2400000| Untracked 
|  26|0x00000000c2400000, 0x00000000c2500000, 0x00000000c2500000|100%|HS|  |TAMS 0x00000000c2500000, 0x00000000c2500000| Complete 
|  27|0x00000000c2500000, 0x00000000c2600000, 0x00000000c2600000|100%|HC|  |TAMS 0x00000000c2600000, 0x00000000c2600000| Complete 
|  28|0x00000000c2600000, 0x00000000c2700000, 0x00000000c2700000|100%|HC|  |TAMS 0x00000000c2700000, 0x00000000c2700000| Complete 
|  29|0x00000000c2700000, 0x00000000c2800000, 0x00000000c2800000|100%|HC|  |TAMS 0x00000000c2800000, 0x00000000c2800000| Complete 
|  30|0x00000000c2800000, 0x00000000c2900000, 0x00000000c2900000|100%|HC|  |TAMS 0x00000000c2900000, 0x00000000c2900000| Complete 
|  31|0x00000000c2900000, 0x00000000c2a00000, 0x00000000c2a00000|100%|HC|  |TAMS 0x00000000c2a00000, 0x00000000c2a00000| Complete 
|  32|0x00000000c2a00000, 0x00000000c2b00000, 0x00000000c2b00000|100%|HC|  |TAMS 0x00000000c2b00000, 0x00000000c2b00000| Complete 
|  33|0x00000000c2b00000, 0x00000000c2c00000, 0x00000000c2c00000|100%|HC|  |TAMS 0x00000000c2c00000, 0x00000000c2c00000| Complete 
|  34|0x00000000c2c00000, 0x00000000c2d00000, 0x00000000c2d00000|100%|HC|  |TAMS 0x00000000c2d00000, 0x00000000c2d00000| Complete 
|  35|0x00000000c2d00000, 0x00000000c2e00000, 0x00000000c2e00000|100%|HC|  |TAMS 0x00000000c2e00000, 0x00000000c2e00000| Complete 
|  36|0x00000000c2e00000, 0x00000000c2f00000, 0x00000000c2f00000|100%| O|  |TAMS 0x00000000c2f00000, 0x00000000c2f00000| Untracked 
|  37|0x00000000c2f00000, 0x00000000c3000000, 0x00000000c3000000|100%| O|  |TAMS 0x00000000c2f27400, 0x00000000c3000000| Untracked 
|  38|0x00000000c3000000, 0x00000000c30dbe00, 0x00000000c3100000| 85%| O|  |TAMS 0x00000000c3000000, 0x00000000c30dbe00| Untracked 
|  39|0x00000000c3100000, 0x00000000c3100000, 0x00000000c3200000|  0%| F|  |TAMS 0x00000000c3100000, 0x00000000c3100000| Untracked 
|  40|0x00000000c3200000, 0x00000000c3200000, 0x00000000c3300000|  0%| F|  |TAMS 0x00000000c3200000, 0x00000000c3200000| Untracked 
|  41|0x00000000c3300000, 0x00000000c3300000, 0x00000000c3400000|  0%| F|  |TAMS 0x00000000c3300000, 0x00000000c3300000| Untracked 
|  42|0x00000000c3400000, 0x00000000c3400000, 0x00000000c3500000|  0%| F|  |TAMS 0x00000000c3400000, 0x00000000c3400000| Untracked 
|  43|0x00000000c3500000, 0x00000000c3500000, 0x00000000c3600000|  0%| F|  |TAMS 0x00000000c3500000, 0x00000000c3500000| Untracked 
|  44|0x00000000c3600000, 0x00000000c3600000, 0x00000000c3700000|  0%| F|  |TAMS 0x00000000c3600000, 0x00000000c3600000| Untracked 
|  45|0x00000000c3700000, 0x00000000c3700000, 0x00000000c3800000|  0%| F|  |TAMS 0x00000000c3700000, 0x00000000c3700000| Untracked 
|  46|0x00000000c3800000, 0x00000000c3800000, 0x00000000c3900000|  0%| F|  |TAMS 0x00000000c3800000, 0x00000000c3800000| Untracked 
|  47|0x00000000c3900000, 0x00000000c3900000, 0x00000000c3a00000|  0%| F|  |TAMS 0x00000000c3900000, 0x00000000c3900000| Untracked 
|  48|0x00000000c3a00000, 0x00000000c3b00000, 0x00000000c3b00000|100%| O|  |TAMS 0x00000000c3a00000, 0x00000000c3b00000| Untracked 
|  49|0x00000000c3b00000, 0x00000000c3b00000, 0x00000000c3c00000|  0%| F|  |TAMS 0x00000000c3b00000, 0x00000000c3b00000| Untracked 
|  50|0x00000000c3c00000, 0x00000000c3cc0df0, 0x00000000c3d00000| 75%| S|CS|TAMS 0x00000000c3c00000, 0x00000000c3c00000| Complete 
|  51|0x00000000c3d00000, 0x00000000c3d00000, 0x00000000c3e00000|  0%| F|  |TAMS 0x00000000c3d00000, 0x00000000c3d00000| Untracked 
|  52|0x00000000c3e00000, 0x00000000c3e00000, 0x00000000c3f00000|  0%| F|  |TAMS 0x00000000c3e00000, 0x00000000c3e00000| Untracked 
|  53|0x00000000c3f00000, 0x00000000c3f00000, 0x00000000c4000000|  0%| F|  |TAMS 0x00000000c3f00000, 0x00000000c3f00000| Untracked 
|  54|0x00000000c4000000, 0x00000000c4000000, 0x00000000c4100000|  0%| F|  |TAMS 0x00000000c4000000, 0x00000000c4000000| Untracked 
|  55|0x00000000c4100000, 0x00000000c4100000, 0x00000000c4200000|  0%| F|  |TAMS 0x00000000c4100000, 0x00000000c4100000| Untracked 
|  56|0x00000000c4200000, 0x00000000c4200000, 0x00000000c4300000|  0%| F|  |TAMS 0x00000000c4200000, 0x00000000c4200000| Untracked 
|  57|0x00000000c4300000, 0x00000000c4300000, 0x00000000c4400000|  0%| F|  |TAMS 0x00000000c4300000, 0x00000000c4300000| Untracked 
|  58|0x00000000c4400000, 0x00000000c4400000, 0x00000000c4500000|  0%| F|  |TAMS 0x00000000c4400000, 0x00000000c4400000| Untracked 
|  59|0x00000000c4500000, 0x00000000c4500000, 0x00000000c4600000|  0%| F|  |TAMS 0x00000000c4500000, 0x00000000c4500000| Untracked 
|  60|0x00000000c4600000, 0x00000000c4600000, 0x00000000c4700000|  0%| F|  |TAMS 0x00000000c4600000, 0x00000000c4600000| Untracked 
|  61|0x00000000c4700000, 0x00000000c4700000, 0x00000000c4800000|  0%| F|  |TAMS 0x00000000c4700000, 0x00000000c4700000| Untracked 
|  62|0x00000000c4800000, 0x00000000c4800000, 0x00000000c4900000|  0%| F|  |TAMS 0x00000000c4800000, 0x00000000c4800000| Untracked 
|  63|0x00000000c4900000, 0x00000000c4900000, 0x00000000c4a00000|  0%| F|  |TAMS 0x00000000c4900000, 0x00000000c4900000| Untracked 
|  64|0x00000000c4a00000, 0x00000000c4a2ce08, 0x00000000c4b00000| 17%| E|  |TAMS 0x00000000c4a00000, 0x00000000c4a00000| Complete 

Card table byte_map: [0x000000001a410000,0x000000001a610000] _byte_map_base: 0x0000000019e0b000

Marking Bits (Prev, Next): (CMBitMap*) 0x0000000000229f60, (CMBitMap*) 0x0000000000229f28
 Prev Bits: [0x000000001b7f0000, 0x000000001c7c8000)
 Next Bits: [0x000000001a810000, 0x000000001b7e8000)

Polling page: 0x0000000000340000

Metaspace:

Usage:
  Non-class:     50.89 MB capacity,    49.65 MB ( 98%) used,   962.02 KB (  2%) free+waste,   305.44 KB ( <1%) overhead. 
      Class:      8.91 MB capacity,     7.71 MB ( 87%) used,     1.04 MB ( 12%) free+waste,   165.56 KB (  2%) overhead. 
       Both:     59.80 MB capacity,    57.37 MB ( 96%) used,     1.98 MB (  3%) free+waste,   471.00 KB ( <1%) overhead. 

Virtual space:
  Non-class space:       52.00 MB reserved,      51.00 MB ( 98%) committed 
      Class space:        1.00 GB reserved,       9.00 MB ( <1%) committed 
             Both:        1.05 GB reserved,      60.00 MB (  6%) committed 

Chunk freelists:
   Non-Class:  5.88 KB
       Class:  0 bytes
        Both:  5.88 KB

CodeHeap 'non-profiled nmethods': size=120064Kb used=2941Kb max_used=2941Kb free=117122Kb
 bounds [0x00000000126e0000, 0x00000000129c0000, 0x0000000019c20000]
CodeHeap 'profiled nmethods': size=120000Kb used=12427Kb max_used=12427Kb free=107572Kb
 bounds [0x000000000b1b0000, 0x000000000bde0000, 0x00000000126e0000]
CodeHeap 'non-nmethods': size=5696Kb used=1436Kb max_used=1474Kb free=4259Kb
 bounds [0x000000000ac20000, 0x000000000ae90000, 0x000000000b1b0000]
 total_blobs=7230 nmethods=6298 adapters=843
 compilation: enabled
              stopped_count=0, restarted_count=0
 full_count=0

Compilation events (10 events):
Event: 58.610 Thread 0x000000001fbcd000 6336       4       com.sun.javafx.css.BitSet::addAll (338 bytes)
Event: 58.610 Thread 0x000000001fbd2000 nmethod 6361 0x000000000bdcee90 code [0x000000000bdcf060, 0x000000000bdcf4f8]
Event: 58.610 Thread 0x000000001fbd2000 6364       3       com.sun.javafx.geom.RectBounds::unionWith (82 bytes)
Event: 58.611 Thread 0x000000001fbd2000 nmethod 6364 0x000000000bdcf690 code [0x000000000bdcf8a0, 0x000000000bdcff60]
Event: 58.611 Thread 0x000000001fbd2000 6365       3       com.sun.javafx.sg.prism.NGRegion::renderContent (115 bytes)
Event: 58.613 Thread 0x000000001fbd2000 nmethod 6365 0x000000000bdd0110 code [0x000000000bdd0480, 0x000000000bdd1d10]
Event: 58.613 Thread 0x000000001fbd2000 6366       3       com.sun.javafx.sg.prism.NGRegion::renderAsRectangle (31 bytes)
Event: 58.613 Thread 0x000000001fbd2000 nmethod 6366 0x000000000bdd2410 code [0x000000000bdd2640, 0x000000000bdd2da0]
Event: 58.632 Thread 0x000000001fbcd000 nmethod 6336 0x00000000129bea10 code [0x00000000129bebc0, 0x00000000129bf298]
Event: 58.632 Thread 0x000000001fbcd000 6362       4       javafx.scene.CssStyleHelper$CacheContainer::getStyleMap (40 bytes)

GC Heap History (10 events):
Event: 12.351 GC heap before
{Heap before GC invocations=12 (full 0):
 garbage-first heap   total 65536K, used 46112K [0x00000000c0a00000, 0x0000000100000000)
  region size 1024K, 21 young (21504K), 1 survivors (1024K)
 Metaspace       used 48596K, capacity 50460K, committed 50688K, reserved 1093632K
  class space    used 6443K, capacity 7324K, committed 7424K, reserved 1048576K
}
Event: 12.354 GC heap after
{Heap after GC invocations=13 (full 0):
 garbage-first heap   total 65536K, used 27945K [0x00000000c0a00000, 0x0000000100000000)
  region size 1024K, 3 young (3072K), 3 survivors (3072K)
 Metaspace       used 48596K, capacity 50460K, committed 50688K, reserved 1093632K
  class space    used 6443K, capacity 7324K, committed 7424K, reserved 1048576K
}
Event: 12.516 GC heap before
{Heap before GC invocations=13 (full 0):
 garbage-first heap   total 65536K, used 38185K [0x00000000c0a00000, 0x0000000100000000)
  region size 1024K, 14 young (14336K), 3 survivors (3072K)
 Metaspace       used 51498K, capacity 53560K, committed 53760K, reserved 1095680K
  class space    used 6879K, capacity 7875K, committed 7936K, reserved 1048576K
}
Event: 12.522 GC heap after
{Heap after GC invocations=14 (full 0):
 garbage-first heap   total 65536K, used 28469K [0x00000000c0a00000, 0x0000000100000000)
  region size 1024K, 2 young (2048K), 2 survivors (2048K)
 Metaspace       used 51498K, capacity 53560K, committed 53760K, reserved 1095680K
  class space    used 6879K, capacity 7875K, committed 7936K, reserved 1048576K
}
Event: 12.765 GC heap before
{Heap before GC invocations=15 (full 0):
 garbage-first heap   total 65536K, used 47925K [0x00000000c0a00000, 0x0000000100000000)
  region size 1024K, 13 young (13312K), 2 survivors (2048K)
 Metaspace       used 53525K, capacity 55643K, committed 55680K, reserved 1097728K
  class space    used 7253K, capacity 8284K, committed 8320K, reserved 1048576K
}
Event: 12.769 GC heap after
{Heap after GC invocations=16 (full 0):
 garbage-first heap   total 65536K, used 39811K [0x00000000c0a00000, 0x0000000100000000)
  region size 1024K, 2 young (2048K), 2 survivors (2048K)
 Metaspace       used 53525K, capacity 55643K, committed 55680K, reserved 1097728K
  class space    used 7253K, capacity 8284K, committed 8320K, reserved 1048576K
}
Event: 14.097 GC heap before
{Heap before GC invocations=17 (full 0):
 garbage-first heap   total 65536K, used 61315K [0x00000000c0a00000, 0x0000000100000000)
  region size 1024K, 14 young (14336K), 2 survivors (2048K)
 Metaspace       used 57205K, capacity 59652K, committed 59776K, reserved 1099776K
  class space    used 7810K, capacity 9014K, committed 9088K, reserved 1048576K
}
Event: 14.102 GC heap after
{Heap after GC invocations=18 (full 0):
 garbage-first heap   total 66560K, used 40935K [0x00000000c0a00000, 0x0000000100000000)
  region size 1024K, 2 young (2048K), 2 survivors (2048K)
 Metaspace       used 57205K, capacity 59652K, committed 59776K, reserved 1099776K
  class space    used 7810K, capacity 9014K, committed 9088K, reserved 1048576K
}
Event: 58.596 GC heap before
{Heap before GC invocations=18 (full 0):
 garbage-first heap   total 66560K, used 53223K [0x00000000c0a00000, 0x0000000100000000)
  region size 1024K, 14 young (14336K), 2 survivors (2048K)
 Metaspace       used 58699K, capacity 61240K, committed 61440K, reserved 1101824K
  class space    used 7898K, capacity 9127K, committed 9216K, reserved 1048576K
}
Event: 58.600 GC heap after
{Heap after GC invocations=19 (full 0):
 garbage-first heap   total 66560K, used 41586K [0x00000000c0a00000, 0x0000000100000000)
  region size 1024K, 1 young (1024K), 1 survivors (1024K)
 Metaspace       used 58699K, capacity 61240K, committed 61440K, reserved 1101824K
  class space    used 7898K, capacity 9127K, committed 9216K, reserved 1048576K
}

Deoptimization events (10 events):
Event: 56.871 Thread 0x0000000029e5d800 Uncommon trap: reason=profile_predicate action=maybe_recompile pc=0x00000000129ab9d4 method=scala.collection.immutable.List.contains(Ljava/lang/Object;)Z @ 6 c2
Event: 56.871 Thread 0x0000000029e5d800 Uncommon trap: reason=profile_predicate action=maybe_recompile pc=0x00000000129ab9d4 method=scala.collection.immutable.List.contains(Ljava/lang/Object;)Z @ 6 c2
Event: 56.871 Thread 0x0000000029e5d800 Uncommon trap: reason=profile_predicate action=maybe_recompile pc=0x00000000129ab9d4 method=scala.collection.immutable.List.contains(Ljava/lang/Object;)Z @ 6 c2
Event: 56.871 Thread 0x0000000029e5d800 Uncommon trap: reason=profile_predicate action=maybe_recompile pc=0x00000000129ab9d4 method=scala.collection.immutable.List.contains(Ljava/lang/Object;)Z @ 6 c2
Event: 56.871 Thread 0x0000000029e5d800 Uncommon trap: reason=profile_predicate action=maybe_recompile pc=0x00000000129a9588 method=scala.collection.immutable.List.contains(Ljava/lang/Object;)Z @ 2 c2
Event: 56.871 Thread 0x0000000029e5d800 Uncommon trap: reason=profile_predicate action=maybe_recompile pc=0x00000000129a9588 method=scala.collection.immutable.List.contains(Ljava/lang/Object;)Z @ 2 c2
Event: 58.593 Thread 0x0000000022c42800 Uncommon trap: reason=profile_predicate action=maybe_recompile pc=0x0000000012942280 method=com.sun.javafx.css.BitSet.addAll(Ljava/util/Collection;)Z @ 86 c2
Event: 58.593 Thread 0x0000000022c42800 Uncommon trap: reason=profile_predicate action=maybe_recompile pc=0x0000000012942280 method=com.sun.javafx.css.BitSet.addAll(Ljava/util/Collection;)Z @ 86 c2
Event: 58.593 Thread 0x0000000022c42800 Uncommon trap: reason=profile_predicate action=maybe_recompile pc=0x0000000012942280 method=com.sun.javafx.css.BitSet.addAll(Ljava/util/Collection;)Z @ 86 c2
Event: 58.593 Thread 0x0000000022c42800 Uncommon trap: reason=profile_predicate action=maybe_recompile pc=0x0000000012942280 method=com.sun.javafx.css.BitSet.addAll(Ljava/util/Collection;)Z @ 86 c2

Classes redefined (0 events):
No events

Internal exceptions (10 events):
Event: 21.531 Thread 0x0000000029e5f000 Exception <a 'java/net/ConnectException'{0x00000000c470bcc8}: Connection refused: no further information> (0x00000000c470bcc8) thrown at [./open/src/hotspot/share/prims/jni.cpp, line 632]
Event: 23.621 Thread 0x0000000029e5f000 Exception <a 'java/net/ConnectException'{0x00000000c4794a28}: Connection refused: no further information> (0x00000000c4794a28) thrown at [./open/src/hotspot/share/prims/jni.cpp, line 632]
Event: 23.647 Thread 0x0000000029e5e000 Exception <a 'java/net/ConnectException'{0x00000000c47a14f8}: Connection refused: no further information> (0x00000000c47a14f8) thrown at [./open/src/hotspot/share/prims/jni.cpp, line 632]
Event: 26.603 Thread 0x0000000029e5d800 Exception <a 'java/net/ConnectException'{0x00000000c473fd10}: Connection refused: no further information> (0x00000000c473fd10) thrown at [./open/src/hotspot/share/prims/jni.cpp, line 632]
Event: 26.609 Thread 0x0000000029e5d800 Exception <a 'java/net/ConnectException'{0x00000000c4740be0}: Connection refused: no further information> (0x00000000c4740be0) thrown at [./open/src/hotspot/share/prims/jni.cpp, line 632]
Event: 28.721 Thread 0x0000000029e5d800 Exception <a 'java/net/ConnectException'{0x00000000c4640ac8}: Connection refused: no further information> (0x00000000c4640ac8) thrown at [./open/src/hotspot/share/prims/jni.cpp, line 632]
Event: 28.740 Thread 0x0000000029cf3000 Exception <a 'java/net/ConnectException'{0x00000000c46494d8}: Connection refused: no further information> (0x00000000c46494d8) thrown at [./open/src/hotspot/share/prims/jni.cpp, line 632]
Event: 31.689 Thread 0x0000000029e5e000 Exception <a 'java/net/ConnectException'{0x00000000c46a8f48}: Connection refused: no further information> (0x00000000c46a8f48) thrown at [./open/src/hotspot/share/prims/jni.cpp, line 632]
Event: 31.690 Thread 0x0000000029e5f000 Exception <a 'java/net/ConnectException'{0x00000000c46a3000}: Connection refused: no further information> (0x00000000c46a3000) thrown at [./open/src/hotspot/share/prims/jni.cpp, line 632]
Event: 32.643 Thread 0x0000000029e61800 Exception <a 'java/lang/ClassNotFoundException'{0x00000000c46f30a8}: jdk/jfr/internal/handlers/EventHandler9900_1611963228461-7068> (0x00000000c46f30a8) thrown at [./open/src/hotspot/share/classfile/systemDictionary.cpp, line 228]

Events (10 events):
Event: 58.593 Thread 0x0000000022c42800 DEOPT UNPACKING pc=0x000000000ac48029 sp=0x00000000248fb960 mode 2
Event: 58.593 Thread 0x0000000022c42800 Uncommon trap: trap_request=0xffffffbe fr.pc=0x0000000012942280 relative=0x00000000000004c0
Event: 58.593 Thread 0x0000000022c42800 DEOPT PACKING pc=0x0000000012942280 sp=0x00000000248fb9a0
Event: 58.593 Thread 0x0000000022c42800 DEOPT UNPACKING pc=0x000000000ac48029 sp=0x00000000248fb900 mode 2
Event: 58.593 Thread 0x0000000022c42800 Uncommon trap: trap_request=0xffffffbe fr.pc=0x0000000012942280 relative=0x00000000000004c0
Event: 58.593 Thread 0x0000000022c42800 DEOPT PACKING pc=0x0000000012942280 sp=0x00000000248fb9a0
Event: 58.593 Thread 0x0000000022c42800 DEOPT UNPACKING pc=0x000000000ac48029 sp=0x00000000248fb900 mode 2
Event: 58.596 Executing VM operation: G1CollectForAllocation
Event: 58.600 Executing VM operation: G1CollectForAllocation done
Event: 58.640 Executing VM operation: CGC_Operation


Dynamic libraries:
0x000000013f530000 - 0x000000013f53f000 	C:\Program Files\Java\jdk-11.0.9\bin\java.exe
0x0000000077500000 - 0x00000000776a9000 	C:\Windows\SYSTEM32\ntdll.dll
0x000007fee7f10000 - 0x000007fee7f22000 	C:\Program Files\AVAST Software\Avast\aswhook.dll
0x00000000772e0000 - 0x00000000773ff000 	C:\Windows\system32\kernel32.dll
0x000007fefd500000 - 0x000007fefd56b000 	C:\Windows\system32\KERNELBASE.dll
0x000007fef19e0000 - 0x000007fef19f8000 	C:\Program Files\Java\jdk-11.0.9\bin\jli.dll
0x000007fefed70000 - 0x000007fefee4b000 	C:\Windows\system32\ADVAPI32.dll
0x000007fefd820000 - 0x000007fefd8bf000 	C:\Windows\system32\msvcrt.dll
0x000007fefef80000 - 0x000007fefef9f000 	C:\Windows\SYSTEM32\sechost.dll
0x000007feff660000 - 0x000007feff78d000 	C:\Windows\system32\RPCRT4.dll
0x000007fefbe10000 - 0x000007fefc004000 	C:\Windows\WinSxS\amd64_microsoft.windows.common-controls_6595b64144ccf1df_6.0.7601.17514_none_fa396087175ac9ac\COMCTL32.dll
0x000007fefd900000 - 0x000007fefd967000 	C:\Windows\system32\GDI32.dll
0x0000000077400000 - 0x00000000774fa000 	C:\Windows\system32\USER32.dll
0x000007fefed60000 - 0x000007fefed6e000 	C:\Windows\system32\LPK.dll
0x000007fefefa0000 - 0x000007feff069000 	C:\Windows\system32\USP10.dll
0x000007feff790000 - 0x000007feff801000 	C:\Windows\system32\SHLWAPI.dll
0x000007fefc620000 - 0x000007fefc62c000 	C:\Windows\system32\VERSION.dll
0x000007fef19c0000 - 0x000007fef19d5000 	C:\Program Files\Java\jdk-11.0.9\bin\VCRUNTIME140.dll
0x000007fef1ab0000 - 0x000007fef1ab4000 	C:\Program Files\Java\jdk-11.0.9\bin\api-ms-win-crt-runtime-l1-1-0.dll
0x000007fedadd0000 - 0x000007fedaeca000 	C:\Program Files\Java\jdk-11.0.9\bin\ucrtbase.DLL
0x000007fef19b0000 - 0x000007fef19b3000 	C:\Program Files\Java\jdk-11.0.9\bin\api-ms-win-core-localization-l1-2-0.dll
0x000007fef19a0000 - 0x000007fef19a3000 	C:\Program Files\Java\jdk-11.0.9\bin\api-ms-win-core-processthreads-l1-1-1.dll
0x000007fef1990000 - 0x000007fef1993000 	C:\Program Files\Java\jdk-11.0.9\bin\api-ms-win-core-file-l1-2-0.dll
0x000007fef1980000 - 0x000007fef1983000 	C:\Program Files\Java\jdk-11.0.9\bin\api-ms-win-core-timezone-l1-1-0.dll
0x000007fef1970000 - 0x000007fef1973000 	C:\Program Files\Java\jdk-11.0.9\bin\api-ms-win-core-file-l2-1-0.dll
0x000007fef1960000 - 0x000007fef1963000 	C:\Program Files\Java\jdk-11.0.9\bin\api-ms-win-core-synch-l1-2-0.dll
0x000007fef1950000 - 0x000007fef1953000 	C:\Program Files\Java\jdk-11.0.9\bin\api-ms-win-crt-heap-l1-1-0.dll
0x000007fef1940000 - 0x000007fef1944000 	C:\Program Files\Java\jdk-11.0.9\bin\api-ms-win-crt-string-l1-1-0.dll
0x000007fef1930000 - 0x000007fef1934000 	C:\Program Files\Java\jdk-11.0.9\bin\api-ms-win-crt-stdio-l1-1-0.dll
0x000007fef1920000 - 0x000007fef1924000 	C:\Program Files\Java\jdk-11.0.9\bin\api-ms-win-crt-convert-l1-1-0.dll
0x000007fef1910000 - 0x000007fef1913000 	C:\Program Files\Java\jdk-11.0.9\bin\api-ms-win-crt-environment-l1-1-0.dll
0x000007fef1900000 - 0x000007fef1903000 	C:\Program Files\Java\jdk-11.0.9\bin\api-ms-win-crt-filesystem-l1-1-0.dll
0x000007fef18f0000 - 0x000007fef18f5000 	C:\Program Files\Java\jdk-11.0.9\bin\api-ms-win-crt-math-l1-1-0.dll
0x000007fef18e0000 - 0x000007fef18e3000 	C:\Program Files\Java\jdk-11.0.9\bin\api-ms-win-crt-locale-l1-1-0.dll
0x000007fefd8c0000 - 0x000007fefd8ee000 	C:\Windows\system32\IMM32.DLL
0x000007fefda50000 - 0x000007fefdb59000 	C:\Windows\system32\MSCTF.dll
0x000007fedb030000 - 0x000007fedb0cb000 	C:\Program Files\Java\jdk-11.0.9\bin\msvcp140.dll
0x000007fee9020000 - 0x000007fee9023000 	C:\Program Files\Java\jdk-11.0.9\bin\api-ms-win-crt-time-l1-1-0.dll
0x000007fee8ac0000 - 0x000007fee8ac3000 	C:\Program Files\Java\jdk-11.0.9\bin\api-ms-win-crt-utility-l1-1-0.dll
0x000007fed7fa0000 - 0x000007fed8a97000 	C:\Program Files\Java\jdk-11.0.9\bin\server\jvm.dll
0x000007fef9320000 - 0x000007fef9329000 	C:\Windows\system32\WSOCK32.dll
0x000007fefec10000 - 0x000007fefec5d000 	C:\Windows\system32\WS2_32.dll
0x000007fefd8f0000 - 0x000007fefd8f8000 	C:\Windows\system32\NSI.dll
0x000007fef92e0000 - 0x000007fef931b000 	C:\Windows\system32\WINMM.dll
0x00000000776c0000 - 0x00000000776c7000 	C:\Windows\system32\PSAPI.DLL
0x000007fee8ab0000 - 0x000007fee8ac0000 	C:\Program Files\Java\jdk-11.0.9\bin\verify.dll
0x000007fef7cf0000 - 0x000007fef7e15000 	C:\Windows\system32\DBGHELP.DLL
0x000007fedf7f0000 - 0x000007fedf818000 	C:\Program Files\Java\jdk-11.0.9\bin\java.dll
0x000007fee7ee0000 - 0x000007fee7eea000 	C:\Program Files\Java\jdk-11.0.9\bin\jimage.dll
0x000007fedc550000 - 0x000007fedc566000 	C:\Program Files\Java\jdk-11.0.9\bin\zip.dll
0x000007fefde80000 - 0x000007fefec08000 	C:\Windows\system32\SHELL32.dll
0x000007feff450000 - 0x000007feff653000 	C:\Windows\system32\ole32.dll
0x000007fefd450000 - 0x000007fefd45f000 	C:\Windows\system32\profapi.dll
0x000007fedadb0000 - 0x000007fedadc9000 	C:\Program Files\Java\jdk-11.0.9\bin\net.dll
0x000007fef87b0000 - 0x000007fef8821000 	C:\Windows\system32\WINHTTP.dll
0x000007fef8740000 - 0x000007fef87a4000 	C:\Windows\system32\webio.dll
0x0000000180000000 - 0x000000018008c000 	C:\Windows\system32\SafeIPs64.dll
0x000007fefcc80000 - 0x000007fefccd5000 	C:\Windows\system32\MSWSOCK.dll
0x000007fefc640000 - 0x000007fefc667000 	C:\Windows\system32\IPHLPAPI.DLL
0x000007fefc630000 - 0x000007fefc63b000 	C:\Windows\system32\WINNSI.DLL
0x000007fefec60000 - 0x000007fefed37000 	C:\Windows\system32\OLEAUT32.dll
0x000007fefd2f0000 - 0x000007fefd315000 	C:\Windows\system32\SspiCli.dll
0x000007fefd380000 - 0x000007fefd38f000 	C:\Windows\system32\CRYPTBASE.dll
0x000007fefbc30000 - 0x000007fefbc86000 	C:\Windows\system32\uxtheme.dll
0x000007fefdde0000 - 0x000007fefde79000 	C:\Windows\system32\CLBCatQ.DLL
0x000007fefcce0000 - 0x000007fefccf7000 	C:\Windows\system32\CRYPTSP.dll
0x000007fefc9e0000 - 0x000007fefca27000 	C:\Windows\system32\rsaenh.dll
0x000007fefd430000 - 0x000007fefd444000 	C:\Windows\system32\RpcRtRemote.dll
0x000007fefd390000 - 0x000007fefd421000 	C:\Windows\system32\SXS.DLL
0x000007fefcc70000 - 0x000007fefcc77000 	C:\Windows\System32\wship6.dll
0x000007fedad90000 - 0x000007fedada2000 	C:\Program Files\Java\jdk-11.0.9\bin\nio.dll
0x000007fef1b60000 - 0x000007fef1b63000 	C:\Users\User\.openjfx\cache\13\api-ms-win-core-console-l1-1-0.dll
0x000007fef1c30000 - 0x000007fef1c33000 	C:\Users\User\.openjfx\cache\13\api-ms-win-core-datetime-l1-1-0.dll
0x000007fef1b40000 - 0x000007fef1b43000 	C:\Users\User\.openjfx\cache\13\api-ms-win-core-debug-l1-1-0.dll
0x000007fef1b50000 - 0x000007fef1b53000 	C:\Users\User\.openjfx\cache\13\api-ms-win-core-errorhandling-l1-1-0.dll
0x000007fef1b20000 - 0x000007fef1b24000 	C:\Users\User\.openjfx\cache\13\api-ms-win-core-file-l1-1-0.dll
0x000007fef1b30000 - 0x000007fef1b33000 	C:\Users\User\.openjfx\cache\13\api-ms-win-core-file-l1-2-0.dll
0x000007fef1b00000 - 0x000007fef1b03000 	C:\Users\User\.openjfx\cache\13\api-ms-win-core-file-l2-1-0.dll
0x000007fef1b10000 - 0x000007fef1b13000 	C:\Users\User\.openjfx\cache\13\api-ms-win-core-handle-l1-1-0.dll
0x000007fef1aa0000 - 0x000007fef1aa3000 	C:\Users\User\.openjfx\cache\13\api-ms-win-core-heap-l1-1-0.dll
0x000007fef1af0000 - 0x000007fef1af3000 	C:\Users\User\.openjfx\cache\13\api-ms-win-core-interlocked-l1-1-0.dll
0x000007fef1a80000 - 0x000007fef1a83000 	C:\Users\User\.openjfx\cache\13\api-ms-win-core-libraryloader-l1-1-0.dll
0x000007fef1a90000 - 0x000007fef1a93000 	C:\Users\User\.openjfx\cache\13\api-ms-win-core-localization-l1-2-0.dll
0x000007fef1a60000 - 0x000007fef1a63000 	C:\Users\User\.openjfx\cache\13\api-ms-win-core-memory-l1-1-0.dll
0x000007fef1a70000 - 0x000007fef1a73000 	C:\Users\User\.openjfx\cache\13\api-ms-win-core-namedpipe-l1-1-0.dll
0x000007fef1a40000 - 0x000007fef1a43000 	C:\Users\User\.openjfx\cache\13\api-ms-win-core-processenvironment-l1-1-0.dll
0x000007fef1a50000 - 0x000007fef1a53000 	C:\Users\User\.openjfx\cache\13\api-ms-win-core-processthreads-l1-1-0.dll
0x000007fef1a20000 - 0x000007fef1a23000 	C:\Users\User\.openjfx\cache\13\api-ms-win-core-processthreads-l1-1-1.dll
0x000007fef1a30000 - 0x000007fef1a33000 	C:\Users\User\.openjfx\cache\13\api-ms-win-core-profile-l1-1-0.dll
0x000007fef1a00000 - 0x000007fef1a03000 	C:\Users\User\.openjfx\cache\13\api-ms-win-core-rtlsupport-l1-1-0.dll
0x000007fef1a10000 - 0x000007fef1a13000 	C:\Users\User\.openjfx\cache\13\api-ms-win-core-string-l1-1-0.dll
0x000007fee8060000 - 0x000007fee8063000 	C:\Users\User\.openjfx\cache\13\api-ms-win-core-synch-l1-1-0.dll
0x000007fee8070000 - 0x000007fee8073000 	C:\Users\User\.openjfx\cache\13\api-ms-win-core-synch-l1-2-0.dll
0x000007fee8040000 - 0x000007fee8043000 	C:\Users\User\.openjfx\cache\13\api-ms-win-core-sysinfo-l1-1-0.dll
0x000007fee8050000 - 0x000007fee8053000 	C:\Users\User\.openjfx\cache\13\api-ms-win-core-timezone-l1-1-0.dll
0x000007fee8020000 - 0x000007fee8023000 	C:\Users\User\.openjfx\cache\13\api-ms-win-core-util-l1-1-0.dll
0x000007fee8030000 - 0x000007fee8033000 	C:\Users\User\.openjfx\cache\13\api-ms-win-crt-conio-l1-1-0.dll
0x000007fee8000000 - 0x000007fee8004000 	C:\Users\User\.openjfx\cache\13\api-ms-win-crt-convert-l1-1-0.dll
0x000007fee8010000 - 0x000007fee8013000 	C:\Users\User\.openjfx\cache\13\api-ms-win-crt-environment-l1-1-0.dll
0x000007fee7fe0000 - 0x000007fee7fe3000 	C:\Users\User\.openjfx\cache\13\api-ms-win-crt-filesystem-l1-1-0.dll
0x000007fee7ff0000 - 0x000007fee7ff3000 	C:\Users\User\.openjfx\cache\13\api-ms-win-crt-heap-l1-1-0.dll
0x000007fee7fc0000 - 0x000007fee7fc3000 	C:\Users\User\.openjfx\cache\13\api-ms-win-crt-locale-l1-1-0.dll
0x000007fee7fd0000 - 0x000007fee7fd5000 	C:\Users\User\.openjfx\cache\13\api-ms-win-crt-math-l1-1-0.dll
0x000007fee7fa0000 - 0x000007fee7fa5000 	C:\Users\User\.openjfx\cache\13\api-ms-win-crt-multibyte-l1-1-0.dll
0x000007fee7fb0000 - 0x000007fee7fc0000 	C:\Users\User\.openjfx\cache\13\api-ms-win-crt-private-l1-1-0.dll
0x000007fee7f80000 - 0x000007fee7f83000 	C:\Users\User\.openjfx\cache\13\api-ms-win-crt-process-l1-1-0.dll
0x000007fee7f90000 - 0x000007fee7f94000 	C:\Users\User\.openjfx\cache\13\api-ms-win-crt-runtime-l1-1-0.dll
0x000007fee7f60000 - 0x000007fee7f64000 	C:\Users\User\.openjfx\cache\13\api-ms-win-crt-stdio-l1-1-0.dll
0x000007fee7f70000 - 0x000007fee7f74000 	C:\Users\User\.openjfx\cache\13\api-ms-win-crt-string-l1-1-0.dll
0x000007fee7f40000 - 0x000007fee7f43000 	C:\Users\User\.openjfx\cache\13\api-ms-win-crt-time-l1-1-0.dll
0x000007fee7f50000 - 0x000007fee7f53000 	C:\Users\User\.openjfx\cache\13\api-ms-win-crt-utility-l1-1-0.dll
0x000007feda8a0000 - 0x000007feda99c000 	C:\Users\User\.openjfx\cache\13\ucrtbase.dll
0x000007fee7eb0000 - 0x000007fee7ec5000 	C:\Users\User\.openjfx\cache\13\vcruntime140.dll
0x000007fee7e10000 - 0x000007fee7eab000 	C:\Users\User\.openjfx\cache\13\msvcp140.dll
0x000007fedaaa0000 - 0x000007fedaaf1000 	C:\Users\User\.openjfx\cache\13\concrt140.dll
0x000007fee7de0000 - 0x000007fee7e03000 	C:\Users\User\.openjfx\cache\13\prism_d3d.dll
0x000007feeb410000 - 0x000007feeb60f000 	C:\Windows\system32\d3d9.dll
0x000007feeb400000 - 0x000007feeb407000 	C:\Windows\system32\d3d8thk.dll
0x000007fefb720000 - 0x000007fefb738000 	C:\Windows\system32\dwmapi.dll
0x000007fed67e0000 - 0x000007fed7896000 	C:\Windows\system32\nvd3dumx.dll
0x000007fedaa50000 - 0x000007fedaa95000 	C:\Users\User\.openjfx\cache\13\glass.dll
0x000007fefdd40000 - 0x000007fefddd7000 	C:\Windows\system32\COMDLG32.dll
0x000007fefb930000 - 0x000007fefb95c000 	C:\Windows\system32\powrprof.dll
0x000007fefdb60000 - 0x000007fefdd37000 	C:\Windows\system32\SETUPAPI.dll
0x000007fefd630000 - 0x000007fefd666000 	C:\Windows\system32\CFGMGR32.dll
0x000007fefd610000 - 0x000007fefd62a000 	C:\Windows\system32\DEVOBJ.dll
0x000007fed6670000 - 0x000007fed67dc000 	C:\Program Files (x86)\NVIDIA Corporation\3D Vision\nvSCPAPI64.dll
0x000007fee7dc0000 - 0x000007fee7dd4000 	C:\Users\User\.openjfx\cache\13\javafx_font.dll

dbghelp: loaded successfully - version: 4.0.5 - missing functions: none
symbol engine: initialized successfully - sym options: 0x614 - pdb path: .;C:\Program Files\Java\jdk-11.0.9\bin;C:\Windows\SYSTEM32;C:\Program Files\AVAST Software\Avast;C:\Windows\WinSxS\amd64_microsoft.windows.common-controls_6595b64144ccf1df_6.0.7601.17514_none_fa396087175ac9ac;C:\Program Files\Java\jdk-11.0.9\bin\server;C:\Users\User\.openjfx\cache\13;C:\Program Files (x86)\NVIDIA Corporation\3D Vision;C:\PROGRA~1\MICROS~2\Office16;C:\PROGRA~1\MICROS~2\Office16\1049;C:\Windows\WinSxS\amd64_microsoft.windows.gdiplus_6595b64144ccf1df_1.1.7601.17514_none_2b24536c71ed437a;C:\Program Files\Common Files\Microsoft Shared\Ink

VM Arguments:
jvm_args: -Dfile.encoding=windows-1251 -Duser.country=RU -Duser.language=ru -Duser.variant 
java_command: Start
java_class_path (initial): C:\ChatOnJavaScala\ChatTestPrikaz\build\classes\java\main;C:\ChatOnJavaScala\ChatTestPrikaz\build\classes\scala\main;C:\ChatOnJavaScala\ChatTestPrikaz\build\resources\main;C:\Users\User\.gradle\caches\modules-2\files-2.1\com.typesafe.akka\akka-cluster-typed_2.13\2.6.9\aa3f36022ec500938e3778a3878ccd547eec7aa\akka-cluster-typed_2.13-2.6.9.jar;C:\Users\User\.gradle\caches\modules-2\files-2.1\com.typesafe.akka\akka-actor-typed_2.13\2.6.9\6bd6b952164629de660ef7ef26926bc987e5a702\akka-actor-typed_2.13-2.6.9.jar;C:\Users\User\.gradle\caches\modules-2\files-2.1\com.typesafe.akka\akka-cluster-tools_2.13\2.6.9\cbcfac6af66960cd5ebc1679db4ee0d9e80a7ca2\akka-cluster-tools_2.13-2.6.9.jar;C:\Users\User\.gradle\caches\modules-2\files-2.1\com.typesafe.akka\akka-distributed-data_2.13\2.6.9\f599dce5746faca0e7be1276318bd4e76013b551\akka-distributed-data_2.13-2.6.9.jar;C:\Users\User\.gradle\caches\modules-2\files-2.1\com.typesafe.akka\akka-cluster_2.13\2.6.9\bb48dccc2a50ac39f1dfcd3c38e9a96023bca545\akka-cluster_2.13-2.6.9.jar;C:\Users\User\.gradle\caches\modules-2\files-2.1\com.typesafe.akka\akka-remote_2.13\2.6.9\41dbd97ba366d52abb90ee7bac2b0a601649d250\akka-remote_2.13-2.6.9.jar;C:\Users\User\.gradle\caches\modules-2\files-2.1\org.slf4j\slf4j-simple\1.7.21\be4b3c560a37e69b6c58278116740db28832232c\slf4j-simple-1.7.21.jar;C:\Users\User\.gradle\caches\modules-2\files-2.1\org.openjfx\javafx-fxml\13\ee55786ffd820bb7c8dd43d127a54b1141639e29\javafx-fxml-13-win.jar;C:\Users\User\.gradle\caches\modules-2\files-2.1\org.openjfx\javafx-controls\13\7524fd4ab57de51637adb0e99f0220a1ae0ae4dd\javafx-controls-13-win.jar;C:\Users\User\.gradle\caches\modules-2\files-2.1\org.openjfx\javafx-controls\13\6cd7169d2a729846c35fba9dc65af23a10ca253b\javafx-controls-13.jar;C:\Users\User\.gradle\caches\modules-2\files-2.1\org.openjfx\javafx-graphics\13\bbcbc616702a086567585183efcb0ab8eb22a66b\javafx-graphics-13-win.jar;C:\Users\User\.gradle\caches\modules-2\files-2.1\org.openjfx\javafx-
Launcher Type: SUN_STANDARD

[Global flags]
     intx CICompilerCount                          = 3                                         {product} {ergonomic}
     uint ConcGCThreads                            = 1                                         {product} {ergonomic}
     uint G1ConcRefinementThreads                  = 4                                         {product} {ergonomic}
   size_t G1HeapRegionSize                         = 1048576                                   {product} {ergonomic}
    uintx GCDrainStackTargetSize                   = 64                                        {product} {ergonomic}
   size_t InitialHeapSize                          = 67108864                                  {product} {ergonomic}
   size_t MarkStackSize                            = 4194304                                   {product} {ergonomic}
   size_t MaxHeapSize                              = 1063256064                                {product} {ergonomic}
   size_t MaxNewSize                               = 637534208                                 {product} {ergonomic}
   size_t MinHeapDeltaBytes                        = 1048576                                   {product} {ergonomic}
    uintx NonNMethodCodeHeapSize                   = 5830732                                {pd product} {ergonomic}
    uintx NonProfiledCodeHeapSize                  = 122913754                              {pd product} {ergonomic}
    uintx ProfiledCodeHeapSize                     = 122913754                              {pd product} {ergonomic}
    uintx ReservedCodeCacheSize                    = 251658240                              {pd product} {ergonomic}
     bool SegmentedCodeCache                       = true                                      {product} {ergonomic}
     bool UseCompressedClassPointers               = true                                 {lp64_product} {ergonomic}
     bool UseCompressedOops                        = true                                 {lp64_product} {ergonomic}
     bool UseG1GC                                  = true                                      {product} {ergonomic}
     bool UseLargePagesIndividualAllocation        = false                                  {pd product} {ergonomic}

Logging:
Log output configuration:
 #0: stdout all=warning uptime,level,tags
 #1: stderr all=off uptime,level,tags

Environment Variables:
JAVA_HOME=C:\Program Files\Java\jdk-11.0.9
PATH=C:\Program Files\Java\jdk-11.0.9\bin;C:\Program Files\Git\cmd;C:\Program Files\MySQL\MySQL Shell 8.0\bin\
USERNAME=User
OS=Windows_NT
PROCESSOR_IDENTIFIER=Intel64 Family 6 Model 30 Stepping 5, GenuineIntel



---------------  S Y S T E M  ---------------

OS: Windows 7 , 64 bit Build 7601 (6.1.7601.17514)

CPU:total 4 (initial active 4) (4 cores per cpu, 1 threads per core) family 6 model 30 stepping 5, cmov, cx8, fxsr, mmx, sse, sse2, sse3, ssse3, sse4.1, sse4.2, popcnt, tsc, tscinvbit

Memory: 4k page, system-wide physical 4055M (241M free)
TotalPageFile size 8108M (AvailPageFile size 1845M)
current process WorkingSet (physical memory assigned to process): 233M, peak: 247M
current process commit charge ("private bytes"): 280M, peak: 293M

vm_info: Java HotSpot(TM) 64-Bit Server VM (11.0.9+7-LTS) for windows-amd64 JRE (11.0.9+7-LTS), built on Sep 15 2020 16:47:03 by "mach5one" with MS VC++ 15.9 (VS2017)

END.
